<?xml version='1.0' encoding='UTF-8'?>
<result plugin="junit@1.20">
  <suites>
    <suite>
      <file>/var/lib/jenkins/workspace/iTrust-Fuzzer/iTrust/target/surefire-reports/TEST-edu.ncsu.csc.itrust.logger.TransactionLoggerTest.xml</file>
      <name>edu.ncsu.csc.itrust.logger.TransactionLoggerTest</name>
      <duration>0.297</duration>
      <time>0.297</time>
      <cases>
        <case>
          <duration>0.295</duration>
          <className>edu.ncsu.csc.itrust.logger.TransactionLoggerTest</className>
          <testName>testLogTransaction</testName>
          <skipped>false</skipped>
          <failedSince>0</failedSince>
        </case>
        <case>
          <duration>0.001</duration>
          <className>edu.ncsu.csc.itrust.logger.TransactionLoggerTest</className>
          <testName>testGetInstance</testName>
          <skipped>false</skipped>
          <failedSince>0</failedSince>
        </case>
      </cases>
    </suite>
    <suite>
      <file>/var/lib/jenkins/workspace/iTrust-Fuzzer/iTrust/target/surefire-reports/TEST-edu.ncsu.csc.itrust.model.labtechnician.LabTechnicianControllerTest.xml</file>
      <name>edu.ncsu.csc.itrust.model.labtechnician.LabTechnicianControllerTest</name>
      <duration>10.814</duration>
      <time>10.814</time>
      <cases>
        <case>
          <duration>10.788</duration>
          <className>edu.ncsu.csc.itrust.model.labtechnician.LabTechnicianControllerTest</className>
          <testName>testGetLabTechnicianStatusMID</testName>
          <skipped>false</skipped>
          <failedSince>0</failedSince>
        </case>
      </cases>
    </suite>
    <suite>
      <file>/var/lib/jenkins/workspace/iTrust-Fuzzer/iTrust/target/surefire-reports/TEST-edu.ncsu.csc.itrust.unit.BeanBuilderTest.xml</file>
      <name>edu.ncsu.csc.itrust.unit.BeanBuilderTest</name>
      <duration>0.038</duration>
      <time>0.038</time>
      <cases>
        <case>
          <duration>0.027</duration>
          <className>edu.ncsu.csc.itrust.unit.BeanBuilderTest</className>
          <testName>testEmptyPatientDateOfBirth</testName>
          <skipped>false</skipped>
          <failedSince>0</failedSince>
        </case>
        <case>
          <duration>0.001</duration>
          <className>edu.ncsu.csc.itrust.unit.BeanBuilderTest</className>
          <testName>testOkayBean1</testName>
          <skipped>false</skipped>
          <failedSince>0</failedSince>
        </case>
        <case>
          <duration>0.001</duration>
          <className>edu.ncsu.csc.itrust.unit.BeanBuilderTest</className>
          <testName>testNotOverloaded</testName>
          <skipped>false</skipped>
          <failedSince>0</failedSince>
        </case>
        <case>
          <duration>0.002</duration>
          <className>edu.ncsu.csc.itrust.unit.BeanBuilderTest</className>
          <testName>testEqualsOkayToBeOverloaded</testName>
          <skipped>false</skipped>
          <failedSince>0</failedSince>
        </case>
        <case>
          <duration>0.002</duration>
          <className>edu.ncsu.csc.itrust.unit.BeanBuilderTest</className>
          <testName>testOverloadedConstructor</testName>
          <skipped>false</skipped>
          <failedSince>0</failedSince>
        </case>
        <case>
          <duration>0.001</duration>
          <className>edu.ncsu.csc.itrust.unit.BeanBuilderTest</className>
          <testName>testPartialPatient</testName>
          <skipped>false</skipped>
          <failedSince>0</failedSince>
        </case>
      </cases>
    </suite>
    <suite>
      <file>/var/lib/jenkins/workspace/iTrust-Fuzzer/iTrust/target/surefire-reports/TEST-edu.ncsu.csc.itrust.unit.EmailUtilTest.xml</file>
      <name>edu.ncsu.csc.itrust.unit.EmailUtilTest</name>
      <duration>0.001</duration>
      <time>0.001</time>
      <cases>
        <case>
          <duration>0.001</duration>
          <className>edu.ncsu.csc.itrust.unit.EmailUtilTest</className>
          <testName>testSendEmail</testName>
          <skipped>false</skipped>
          <failedSince>0</failedSince>
        </case>
      </cases>
    </suite>
    <suite>
      <file>/var/lib/jenkins/workspace/iTrust-Fuzzer/iTrust/target/surefire-reports/TEST-edu.ncsu.csc.itrust.unit.ErrorListTest.xml</file>
      <name>edu.ncsu.csc.itrust.unit.ErrorListTest</name>
      <duration>0.001</duration>
      <time>0.001</time>
      <cases>
        <case>
          <duration>0.0</duration>
          <className>edu.ncsu.csc.itrust.unit.ErrorListTest</className>
          <testName>testToString</testName>
          <skipped>false</skipped>
          <failedSince>0</failedSince>
        </case>
      </cases>
    </suite>
    <suite>
      <file>/var/lib/jenkins/workspace/iTrust-Fuzzer/iTrust/target/surefire-reports/TEST-edu.ncsu.csc.itrust.unit.HtmlEncoderTest.xml</file>
      <name>edu.ncsu.csc.itrust.unit.HtmlEncoderTest</name>
      <duration>0.0</duration>
      <time>0</time>
      <cases>
        <case>
          <duration>0.0</duration>
          <className>edu.ncsu.csc.itrust.unit.HtmlEncoderTest</className>
          <testName>testOffSite</testName>
          <skipped>false</skipped>
          <failedSince>0</failedSince>
        </case>
        <case>
          <duration>0.0</duration>
          <className>edu.ncsu.csc.itrust.unit.HtmlEncoderTest</className>
          <testName>testEscapeCharacters</testName>
          <skipped>false</skipped>
          <failedSince>0</failedSince>
        </case>
      </cases>
    </suite>
    <suite>
      <file>/var/lib/jenkins/workspace/iTrust-Fuzzer/iTrust/target/surefire-reports/TEST-edu.ncsu.csc.itrust.unit.LocalizationTest.xml</file>
      <name>edu.ncsu.csc.itrust.unit.LocalizationTest</name>
      <duration>0.002</duration>
      <time>0.002</time>
      <cases>
        <case>
          <duration>0.001</duration>
          <className>edu.ncsu.csc.itrust.unit.LocalizationTest</className>
          <testName>testLocalization</testName>
          <skipped>false</skipped>
          <failedSince>0</failedSince>
        </case>
      </cases>
    </suite>
    <suite>
      <file>/var/lib/jenkins/workspace/iTrust-Fuzzer/iTrust/target/surefire-reports/TEST-edu.ncsu.csc.itrust.unit.action.ChangePasswordActionTest.xml</file>
      <name>edu.ncsu.csc.itrust.unit.action.ChangePasswordActionTest</name>
      <duration>0.237</duration>
      <time>0.237</time>
      <cases>
        <case>
          <duration>0.237</duration>
          <className>edu.ncsu.csc.itrust.unit.action.ChangePasswordActionTest</className>
          <testName>testChangePassword</testName>
          <skipped>false</skipped>
          <failedSince>0</failedSince>
        </case>
      </cases>
    </suite>
    <suite>
      <file>/var/lib/jenkins/workspace/iTrust-Fuzzer/iTrust/target/surefire-reports/TEST-edu.ncsu.csc.itrust.unit.action.DrugInteractionActionTest.xml</file>
      <name>edu.ncsu.csc.itrust.unit.action.DrugInteractionActionTest</name>
      <duration>0.567</duration>
      <time>0.567</time>
      <cases>
        <case>
          <duration>0.061</duration>
          <className>edu.ncsu.csc.itrust.unit.action.DrugInteractionActionTest</className>
          <testName>testGetInteractions</testName>
          <skipped>false</skipped>
          <failedSince>0</failedSince>
        </case>
        <case>
          <duration>0.057</duration>
          <className>edu.ncsu.csc.itrust.unit.action.DrugInteractionActionTest</className>
          <testName>testDeleteInteraction</testName>
          <skipped>false</skipped>
          <errorStackTrace>edu.ncsu.csc.itrust.exception.FormValidationException: This form has not been validated correctly. The following field are not properly filled in: []
	at edu.ncsu.csc.itrust.unit.action.DrugInteractionActionTest.testDeleteInteraction(DrugInteractionActionTest.java:47)
</errorStackTrace>
          <errorDetails>This form has not been validated correctly. The following field are not properly filled in: []</errorDetails>
          <failedSince>83</failedSince>
        </case>
        <case>
          <duration>0.197</duration>
          <className>edu.ncsu.csc.itrust.unit.action.DrugInteractionActionTest</className>
          <testName>testGetInteractions2</testName>
          <skipped>false</skipped>
          <errorStackTrace>edu.ncsu.csc.itrust.exception.FormValidationException: This form has not been validated correctly. The following field are not properly filled in: []
	at edu.ncsu.csc.itrust.unit.action.DrugInteractionActionTest.testGetInteractions2(DrugInteractionActionTest.java:74)
</errorStackTrace>
          <errorDetails>This form has not been validated correctly. The following field are not properly filled in: []</errorDetails>
          <failedSince>83</failedSince>
        </case>
        <case>
          <duration>0.071</duration>
          <className>edu.ncsu.csc.itrust.unit.action.DrugInteractionActionTest</className>
          <testName>testReportInteraction</testName>
          <skipped>false</skipped>
          <errorStackTrace>edu.ncsu.csc.itrust.exception.FormValidationException: This form has not been validated correctly. The following field are not properly filled in: []
	at edu.ncsu.csc.itrust.unit.action.DrugInteractionActionTest.testReportInteraction(DrugInteractionActionTest.java:35)
</errorStackTrace>
          <errorDetails>This form has not been validated correctly. The following field are not properly filled in: []</errorDetails>
          <failedSince>83</failedSince>
        </case>
        <case>
          <duration>0.059</duration>
          <className>edu.ncsu.csc.itrust.unit.action.DrugInteractionActionTest</className>
          <testName>testReportAlreadyAdded</testName>
          <skipped>false</skipped>
          <errorStackTrace>edu.ncsu.csc.itrust.exception.FormValidationException: This form has not been validated correctly. The following field are not properly filled in: []
	at edu.ncsu.csc.itrust.unit.action.DrugInteractionActionTest.testReportAlreadyAdded(DrugInteractionActionTest.java:107)
</errorStackTrace>
          <errorDetails>This form has not been validated correctly. The following field are not properly filled in: []</errorDetails>
          <failedSince>83</failedSince>
        </case>
        <case>
          <duration>0.059</duration>
          <className>edu.ncsu.csc.itrust.unit.action.DrugInteractionActionTest</className>
          <testName>testEvilDAOFactory</testName>
          <skipped>false</skipped>
          <errorStackTrace>edu.ncsu.csc.itrust.exception.FormValidationException: This form has not been validated correctly. The following field are not properly filled in: []
	at edu.ncsu.csc.itrust.unit.action.DrugInteractionActionTest.testEvilDAOFactory(DrugInteractionActionTest.java:127)
</errorStackTrace>
          <errorDetails>This form has not been validated correctly. The following field are not properly filled in: []</errorDetails>
          <failedSince>83</failedSince>
        </case>
        <case>
          <duration>0.058</duration>
          <className>edu.ncsu.csc.itrust.unit.action.DrugInteractionActionTest</className>
          <testName>testReportSameDrugsInteraction</testName>
          <skipped>false</skipped>
          <failedSince>0</failedSince>
        </case>
      </cases>
    </suite>
    <suite>
      <file>/var/lib/jenkins/workspace/iTrust-Fuzzer/iTrust/target/surefire-reports/TEST-edu.ncsu.csc.itrust.unit.model.cptcode.CPTCodeMySQLTest.xml</file>
      <name>edu.ncsu.csc.itrust.unit.model.cptcode.CPTCodeMySQLTest</name>
      <duration>0.145</duration>
      <time>0.145</time>
      <cases>
        <case>
          <duration>0.072</duration>
          <className>edu.ncsu.csc.itrust.unit.model.cptcode.CPTCodeMySQLTest</className>
          <testName>testDiabolicals</testName>
          <skipped>false</skipped>
          <errorStackTrace>junit.framework.AssertionFailedError
	at edu.ncsu.csc.itrust.unit.model.cptcode.CPTCodeMySQLTest.testDiabolicals(CPTCodeMySQLTest.java:111)
</errorStackTrace>
          <failedSince>83</failedSince>
        </case>
        <case>
          <duration>0.006</duration>
          <className>edu.ncsu.csc.itrust.unit.model.cptcode.CPTCodeMySQLTest</className>
          <testName>testNoDataSource</testName>
          <skipped>false</skipped>
          <failedSince>0</failedSince>
        </case>
        <case>
          <duration>0.066</duration>
          <className>edu.ncsu.csc.itrust.unit.model.cptcode.CPTCodeMySQLTest</className>
          <testName>testCPTCodeMySQL</testName>
          <skipped>false</skipped>
          <errorStackTrace>edu.ncsu.csc.itrust.exception.FormValidationException: This form has not been validated correctly. The following field are not properly filled in: []
	at edu.ncsu.csc.itrust.unit.model.cptcode.CPTCodeMySQLTest.testCPTCodeMySQL(CPTCodeMySQLTest.java:41)
</errorStackTrace>
          <errorDetails>This form has not been validated correctly. The following field are not properly filled in: []</errorDetails>
          <failedSince>83</failedSince>
        </case>
      </cases>
    </suite>
    <suite>
      <file>/var/lib/jenkins/workspace/iTrust-Fuzzer/iTrust/target/surefire-reports/TEST-edu.ncsu.csc.itrust.unit.model.cptcode.CPTCodeTest.xml</file>
      <name>edu.ncsu.csc.itrust.unit.model.cptcode.CPTCodeTest</name>
      <duration>0.001</duration>
      <time>0.001</time>
      <cases>
        <case>
          <duration>0.001</duration>
          <className>edu.ncsu.csc.itrust.unit.model.cptcode.CPTCodeTest</className>
          <testName>testCode</testName>
          <skipped>false</skipped>
          <failedSince>0</failedSince>
        </case>
        <case>
          <duration>0.0</duration>
          <className>edu.ncsu.csc.itrust.unit.model.cptcode.CPTCodeTest</className>
          <testName>testName</testName>
          <skipped>false</skipped>
          <failedSince>0</failedSince>
        </case>
      </cases>
    </suite>
    <suite>
      <file>/var/lib/jenkins/workspace/iTrust-Fuzzer/iTrust/target/surefire-reports/TEST-edu.ncsu.csc.itrust.unit.model.cptcode.CPTCodeValidatorTest.xml</file>
      <name>edu.ncsu.csc.itrust.unit.model.cptcode.CPTCodeValidatorTest</name>
      <duration>0.004</duration>
      <time>0.004</time>
      <cases>
        <case>
          <duration>0.001</duration>
          <className>edu.ncsu.csc.itrust.unit.model.cptcode.CPTCodeValidatorTest</className>
          <testName>testTooLong</testName>
          <skipped>false</skipped>
          <failedSince>0</failedSince>
        </case>
        <case>
          <duration>0.0</duration>
          <className>edu.ncsu.csc.itrust.unit.model.cptcode.CPTCodeValidatorTest</className>
          <testName>testGood</testName>
          <skipped>false</skipped>
          <failedSince>0</failedSince>
        </case>
        <case>
          <duration>0.0</duration>
          <className>edu.ncsu.csc.itrust.unit.model.cptcode.CPTCodeValidatorTest</className>
          <testName>testNotInt</testName>
          <skipped>false</skipped>
          <failedSince>0</failedSince>
        </case>
      </cases>
    </suite>
    <suite>
      <file>/var/lib/jenkins/workspace/iTrust-Fuzzer/iTrust/target/surefire-reports/TEST-edu.ncsu.csc.itrust.unit.model.diagnosis.DiagnosisControllerTest.xml</file>
      <name>edu.ncsu.csc.itrust.unit.model.diagnosis.DiagnosisControllerTest</name>
      <duration>0.199</duration>
      <time>0.199</time>
      <cases>
        <case>
          <duration>0.198</duration>
          <className>edu.ncsu.csc.itrust.unit.model.diagnosis.DiagnosisControllerTest</className>
          <testName>testController</testName>
          <skipped>false</skipped>
          <errorStackTrace>java.lang.AssertionError: expected:&lt;1&gt; but was:&lt;0&gt;
	at edu.ncsu.csc.itrust.unit.model.diagnosis.DiagnosisControllerTest.testController(DiagnosisControllerTest.java:58)
</errorStackTrace>
          <errorDetails>expected:&lt;1&gt; but was:&lt;0&gt;</errorDetails>
          <failedSince>83</failedSince>
        </case>
      </cases>
    </suite>
    <suite>
      <file>/var/lib/jenkins/workspace/iTrust-Fuzzer/iTrust/target/surefire-reports/TEST-edu.ncsu.csc.itrust.unit.model.diagnosis.DiagnosisFormTest.xml</file>
      <name>edu.ncsu.csc.itrust.unit.model.diagnosis.DiagnosisFormTest</name>
      <duration>0.159</duration>
      <time>0.159</time>
      <cases>
        <case>
          <duration>0.158</duration>
          <className>edu.ncsu.csc.itrust.unit.model.diagnosis.DiagnosisFormTest</className>
          <testName>testDiagnosisForm</testName>
          <skipped>false</skipped>
          <failedSince>0</failedSince>
        </case>
      </cases>
    </suite>
    <suite>
      <file>/var/lib/jenkins/workspace/iTrust-Fuzzer/iTrust/target/surefire-reports/TEST-edu.ncsu.csc.itrust.unit.model.diagnosis.DiagnosisMySQLTest.xml</file>
      <name>edu.ncsu.csc.itrust.unit.model.diagnosis.DiagnosisMySQLTest</name>
      <duration>0.682</duration>
      <time>0.682</time>
      <cases>
        <case>
          <duration>0.085</duration>
          <className>edu.ncsu.csc.itrust.unit.model.diagnosis.DiagnosisMySQLTest</className>
          <testName>testAdd</testName>
          <skipped>false</skipped>
          <errorStackTrace>junit.framework.AssertionFailedError: Cannot add null ICDCode
	at edu.ncsu.csc.itrust.unit.model.diagnosis.DiagnosisMySQLTest.testAdd(DiagnosisMySQLTest.java:64)
</errorStackTrace>
          <errorDetails>Cannot add null ICDCode</errorDetails>
          <failedSince>83</failedSince>
        </case>
        <case>
          <duration>0.097</duration>
          <className>edu.ncsu.csc.itrust.unit.model.diagnosis.DiagnosisMySQLTest</className>
          <testName>testGetAllEmergencyDiagnosis</testName>
          <skipped>false</skipped>
          <failedSince>0</failedSince>
        </case>
        <case>
          <duration>0.092</duration>
          <className>edu.ncsu.csc.itrust.unit.model.diagnosis.DiagnosisMySQLTest</className>
          <testName>testGetByID</testName>
          <skipped>false</skipped>
          <failedSince>0</failedSince>
        </case>
        <case>
          <duration>0.077</duration>
          <className>edu.ncsu.csc.itrust.unit.model.diagnosis.DiagnosisMySQLTest</className>
          <testName>testMockDataSource</testName>
          <skipped>false</skipped>
          <failedSince>0</failedSince>
        </case>
        <case>
          <duration>0.065</duration>
          <className>edu.ncsu.csc.itrust.unit.model.diagnosis.DiagnosisMySQLTest</className>
          <testName>testProdConstructor</testName>
          <skipped>false</skipped>
          <failedSince>0</failedSince>
        </case>
        <case>
          <duration>0.095</duration>
          <className>edu.ncsu.csc.itrust.unit.model.diagnosis.DiagnosisMySQLTest</className>
          <testName>testGetAll</testName>
          <skipped>false</skipped>
          <failedSince>0</failedSince>
        </case>
        <case>
          <duration>0.076</duration>
          <className>edu.ncsu.csc.itrust.unit.model.diagnosis.DiagnosisMySQLTest</className>
          <testName>testRemove</testName>
          <skipped>false</skipped>
          <errorStackTrace>edu.ncsu.csc.itrust.exception.DBException: A database exception has occurred. Please see the log in the console for stacktrace
	at edu.ncsu.csc.itrust.unit.model.diagnosis.DiagnosisMySQLTest.testRemove(DiagnosisMySQLTest.java:135)
</errorStackTrace>
          <errorDetails>A database exception has occurred. Please see the log in the console for stacktrace</errorDetails>
          <failedSince>83</failedSince>
        </case>
        <case>
          <duration>0.09</duration>
          <className>edu.ncsu.csc.itrust.unit.model.diagnosis.DiagnosisMySQLTest</className>
          <testName>testUpdate</testName>
          <skipped>false</skipped>
          <errorStackTrace>junit.framework.AssertionFailedError: Cannot update null ICDCode
	at edu.ncsu.csc.itrust.unit.model.diagnosis.DiagnosisMySQLTest.testUpdate(DiagnosisMySQLTest.java:84)
</errorStackTrace>
          <errorDetails>Cannot update null ICDCode</errorDetails>
          <failedSince>83</failedSince>
        </case>
      </cases>
    </suite>
    <suite>
      <file>/var/lib/jenkins/workspace/iTrust-Fuzzer/iTrust/target/surefire-reports/TEST-edu.ncsu.csc.itrust.unit.model.diagnosis.DiagnosisTest.xml</file>
      <name>edu.ncsu.csc.itrust.unit.model.diagnosis.DiagnosisTest</name>
      <duration>0.003</duration>
      <time>0.003</time>
      <cases>
        <case>
          <duration>0.001</duration>
          <className>edu.ncsu.csc.itrust.unit.model.diagnosis.DiagnosisTest</className>
          <testName>testGettersAndSetters</testName>
          <skipped>false</skipped>
          <failedSince>0</failedSince>
        </case>
      </cases>
    </suite>
    <suite>
      <file>/var/lib/jenkins/workspace/iTrust-Fuzzer/iTrust/target/surefire-reports/TEST-edu.ncsu.csc.itrust.unit.model.emergencyRecord.EmergencyRecordMySQLTest.xml</file>
      <name>edu.ncsu.csc.itrust.unit.model.emergencyRecord.EmergencyRecordMySQLTest</name>
      <duration>0.647</duration>
      <time>0.647</time>
      <cases>
        <case>
          <duration>0.219</duration>
          <className>edu.ncsu.csc.itrust.unit.model.emergencyRecord.EmergencyRecordMySQLTest</className>
          <testName>testLoadRecord</testName>
          <skipped>false</skipped>
          <failedSince>0</failedSince>
        </case>
        <case>
          <duration>0.104</duration>
          <className>edu.ncsu.csc.itrust.unit.model.emergencyRecord.EmergencyRecordMySQLTest</className>
          <testName>testNoDataSource</testName>
          <skipped>false</skipped>
          <failedSince>0</failedSince>
        </case>
        <case>
          <duration>0.123</duration>
          <className>edu.ncsu.csc.itrust.unit.model.emergencyRecord.EmergencyRecordMySQLTest</className>
          <testName>testMockGetEmergencyRecordForPatient</testName>
          <skipped>false</skipped>
          <failedSince>0</failedSince>
        </case>
        <case>
          <duration>0.087</duration>
          <className>edu.ncsu.csc.itrust.unit.model.emergencyRecord.EmergencyRecordMySQLTest</className>
          <testName>testMockDataSource</testName>
          <skipped>false</skipped>
          <failedSince>0</failedSince>
        </case>
        <case>
          <duration>0.111</duration>
          <className>edu.ncsu.csc.itrust.unit.model.emergencyRecord.EmergencyRecordMySQLTest</className>
          <testName>testInvalidPatient</testName>
          <skipped>false</skipped>
          <failedSince>0</failedSince>
        </case>
      </cases>
    </suite>
    <suite>
      <file>/var/lib/jenkins/workspace/iTrust-Fuzzer/iTrust/target/surefire-reports/TEST-edu.ncsu.csc.itrust.unit.model.emergencyRecord.EmergencyRecordTest.xml</file>
      <name>edu.ncsu.csc.itrust.unit.model.emergencyRecord.EmergencyRecordTest</name>
      <duration>0.01</duration>
      <time>0.01</time>
      <cases>
        <case>
          <duration>0.001</duration>
          <className>edu.ncsu.csc.itrust.unit.model.emergencyRecord.EmergencyRecordTest</className>
          <testName>testContactPhone</testName>
          <skipped>false</skipped>
          <failedSince>0</failedSince>
        </case>
        <case>
          <duration>0.001</duration>
          <className>edu.ncsu.csc.itrust.unit.model.emergencyRecord.EmergencyRecordTest</className>
          <testName>testAge</testName>
          <skipped>false</skipped>
          <failedSince>0</failedSince>
        </case>
        <case>
          <duration>0.0</duration>
          <className>edu.ncsu.csc.itrust.unit.model.emergencyRecord.EmergencyRecordTest</className>
          <testName>testName</testName>
          <skipped>false</skipped>
          <failedSince>0</failedSince>
        </case>
        <case>
          <duration>0.001</duration>
          <className>edu.ncsu.csc.itrust.unit.model.emergencyRecord.EmergencyRecordTest</className>
          <testName>testPrescriptions</testName>
          <skipped>false</skipped>
          <failedSince>0</failedSince>
        </case>
        <case>
          <duration>0.0</duration>
          <className>edu.ncsu.csc.itrust.unit.model.emergencyRecord.EmergencyRecordTest</className>
          <testName>testImmunizations</testName>
          <skipped>false</skipped>
          <failedSince>0</failedSince>
        </case>
        <case>
          <duration>0.0</duration>
          <className>edu.ncsu.csc.itrust.unit.model.emergencyRecord.EmergencyRecordTest</className>
          <testName>testContactName</testName>
          <skipped>false</skipped>
          <failedSince>0</failedSince>
        </case>
        <case>
          <duration>0.001</duration>
          <className>edu.ncsu.csc.itrust.unit.model.emergencyRecord.EmergencyRecordTest</className>
          <testName>testAllergies</testName>
          <skipped>false</skipped>
          <failedSince>0</failedSince>
        </case>
        <case>
          <duration>0.0</duration>
          <className>edu.ncsu.csc.itrust.unit.model.emergencyRecord.EmergencyRecordTest</className>
          <testName>testGender</testName>
          <skipped>false</skipped>
          <failedSince>0</failedSince>
        </case>
        <case>
          <duration>0.001</duration>
          <className>edu.ncsu.csc.itrust.unit.model.emergencyRecord.EmergencyRecordTest</className>
          <testName>testDiagnoses</testName>
          <skipped>false</skipped>
          <failedSince>0</failedSince>
        </case>
        <case>
          <duration>0.001</duration>
          <className>edu.ncsu.csc.itrust.unit.model.emergencyRecord.EmergencyRecordTest</className>
          <testName>testBloodType</testName>
          <skipped>false</skipped>
          <failedSince>0</failedSince>
        </case>
      </cases>
    </suite>
    <suite>
      <file>/var/lib/jenkins/workspace/iTrust-Fuzzer/iTrust/target/surefire-reports/TEST-edu.ncsu.csc.itrust.unit.model.icdcode.ICDCodeMySQLTest.xml</file>
      <name>edu.ncsu.csc.itrust.unit.model.icdcode.ICDCodeMySQLTest</name>
      <duration>0.168</duration>
      <time>0.168</time>
      <cases>
        <case>
          <duration>0.083</duration>
          <className>edu.ncsu.csc.itrust.unit.model.icdcode.ICDCodeMySQLTest</className>
          <testName>testDiabolicals</testName>
          <skipped>false</skipped>
          <errorStackTrace>junit.framework.AssertionFailedError
	at edu.ncsu.csc.itrust.unit.model.icdcode.ICDCodeMySQLTest.testDiabolicals(ICDCodeMySQLTest.java:111)
</errorStackTrace>
          <failedSince>83</failedSince>
        </case>
        <case>
          <duration>0.007</duration>
          <className>edu.ncsu.csc.itrust.unit.model.icdcode.ICDCodeMySQLTest</className>
          <testName>testProdConstructor</testName>
          <skipped>false</skipped>
          <failedSince>0</failedSince>
        </case>
        <case>
          <duration>0.077</duration>
          <className>edu.ncsu.csc.itrust.unit.model.icdcode.ICDCodeMySQLTest</className>
          <testName>testICDCodeMySQL</testName>
          <skipped>false</skipped>
          <errorStackTrace>edu.ncsu.csc.itrust.exception.FormValidationException: This form has not been validated correctly. The following field are not properly filled in: []
	at edu.ncsu.csc.itrust.unit.model.icdcode.ICDCodeMySQLTest.testICDCodeMySQL(ICDCodeMySQLTest.java:44)
</errorStackTrace>
          <errorDetails>This form has not been validated correctly. The following field are not properly filled in: []</errorDetails>
          <failedSince>83</failedSince>
        </case>
      </cases>
    </suite>
    <suite>
      <file>/var/lib/jenkins/workspace/iTrust-Fuzzer/iTrust/target/surefire-reports/TEST-edu.ncsu.csc.itrust.unit.model.icdcode.ICDCodeTest.xml</file>
      <name>edu.ncsu.csc.itrust.unit.model.icdcode.ICDCodeTest</name>
      <duration>0.0</duration>
      <time>0</time>
      <cases>
        <case>
          <duration>0.0</duration>
          <className>edu.ncsu.csc.itrust.unit.model.icdcode.ICDCodeTest</className>
          <testName>testICDCode</testName>
          <skipped>false</skipped>
          <failedSince>0</failedSince>
        </case>
      </cases>
    </suite>
    <suite>
      <file>/var/lib/jenkins/workspace/iTrust-Fuzzer/iTrust/target/surefire-reports/TEST-edu.ncsu.csc.itrust.unit.model.immunization.ImmunizationMySQLTest.xml</file>
      <name>edu.ncsu.csc.itrust.unit.model.immunization.ImmunizationMySQLTest</name>
      <duration>0.454</duration>
      <time>0.454</time>
      <cases>
        <case>
          <duration>0.068</duration>
          <className>edu.ncsu.csc.itrust.unit.model.immunization.ImmunizationMySQLTest</className>
          <testName>testAdd</testName>
          <skipped>false</skipped>
          <errorStackTrace>edu.ncsu.csc.itrust.exception.DBException: A database exception has occurred. Please see the log in the console for stacktrace
	at edu.ncsu.csc.itrust.unit.model.immunization.ImmunizationMySQLTest.testAdd(ImmunizationMySQLTest.java:75)
</errorStackTrace>
          <errorDetails>A database exception has occurred. Please see the log in the console for stacktrace</errorDetails>
          <failedSince>83</failedSince>
        </case>
        <case>
          <duration>0.073</duration>
          <className>edu.ncsu.csc.itrust.unit.model.immunization.ImmunizationMySQLTest</className>
          <testName>testNoDataSource</testName>
          <skipped>false</skipped>
          <failedSince>0</failedSince>
        </case>
        <case>
          <duration>0.075</duration>
          <className>edu.ncsu.csc.itrust.unit.model.immunization.ImmunizationMySQLTest</className>
          <testName>testGetByID</testName>
          <skipped>false</skipped>
          <failedSince>0</failedSince>
        </case>
        <case>
          <duration>0.095</duration>
          <className>edu.ncsu.csc.itrust.unit.model.immunization.ImmunizationMySQLTest</className>
          <testName>testGetAll</testName>
          <skipped>false</skipped>
          <failedSince>0</failedSince>
        </case>
        <case>
          <duration>0.068</duration>
          <className>edu.ncsu.csc.itrust.unit.model.immunization.ImmunizationMySQLTest</className>
          <testName>testUpdate</testName>
          <skipped>false</skipped>
          <errorStackTrace>edu.ncsu.csc.itrust.exception.DBException: A database exception has occurred. Please see the log in the console for stacktrace
	at edu.ncsu.csc.itrust.unit.model.immunization.ImmunizationMySQLTest.testUpdate(ImmunizationMySQLTest.java:143)
</errorStackTrace>
          <errorDetails>A database exception has occurred. Please see the log in the console for stacktrace</errorDetails>
          <failedSince>83</failedSince>
        </case>
        <case>
          <duration>0.074</duration>
          <className>edu.ncsu.csc.itrust.unit.model.immunization.ImmunizationMySQLTest</className>
          <testName>testGetAllImmunizations</testName>
          <skipped>false</skipped>
          <failedSince>0</failedSince>
        </case>
      </cases>
    </suite>
    <suite>
      <file>/var/lib/jenkins/workspace/iTrust-Fuzzer/iTrust/target/surefire-reports/TEST-edu.ncsu.csc.itrust.unit.model.immunization.ImmunizationTest.xml</file>
      <name>edu.ncsu.csc.itrust.unit.model.immunization.ImmunizationTest</name>
      <duration>0.003</duration>
      <time>0.003</time>
      <cases>
        <case>
          <duration>0.0</duration>
          <className>edu.ncsu.csc.itrust.unit.model.immunization.ImmunizationTest</className>
          <testName>testId</testName>
          <skipped>false</skipped>
          <failedSince>0</failedSince>
        </case>
        <case>
          <duration>0.0</duration>
          <className>edu.ncsu.csc.itrust.unit.model.immunization.ImmunizationTest</className>
          <testName>testCPTCode</testName>
          <skipped>false</skipped>
          <failedSince>0</failedSince>
        </case>
        <case>
          <duration>0.0</duration>
          <className>edu.ncsu.csc.itrust.unit.model.immunization.ImmunizationTest</className>
          <testName>testVisitId</testName>
          <skipped>false</skipped>
          <failedSince>0</failedSince>
        </case>
      </cases>
    </suite>
    <suite>
      <file>/var/lib/jenkins/workspace/iTrust-Fuzzer/iTrust/target/surefire-reports/TEST-edu.ncsu.csc.itrust.unit.model.immunization.ImmunizationValidatorTest.xml</file>
      <name>edu.ncsu.csc.itrust.unit.model.immunization.ImmunizationValidatorTest</name>
      <duration>0.016</duration>
      <time>0.016</time>
      <cases>
        <case>
          <duration>0.006</duration>
          <className>edu.ncsu.csc.itrust.unit.model.immunization.ImmunizationValidatorTest</className>
          <testName>testValidationBadCodeZeroLength</testName>
          <skipped>false</skipped>
          <errorStackTrace>java.lang.AssertionError
	at edu.ncsu.csc.itrust.unit.model.immunization.ImmunizationValidatorTest.testValidationBadCodeZeroLength(ImmunizationValidatorTest.java:62)
</errorStackTrace>
          <failedSince>83</failedSince>
        </case>
        <case>
          <duration>0.005</duration>
          <className>edu.ncsu.csc.itrust.unit.model.immunization.ImmunizationValidatorTest</className>
          <testName>testCorrectValidation</testName>
          <skipped>false</skipped>
          <errorStackTrace>java.lang.AssertionError
	at edu.ncsu.csc.itrust.unit.model.immunization.ImmunizationValidatorTest.testCorrectValidation(ImmunizationValidatorTest.java:34)
</errorStackTrace>
          <failedSince>83</failedSince>
        </case>
        <case>
          <duration>0.004</duration>
          <className>edu.ncsu.csc.itrust.unit.model.immunization.ImmunizationValidatorTest</className>
          <testName>testValidationBadCodeLength</testName>
          <skipped>false</skipped>
          <errorStackTrace>java.lang.AssertionError
	at edu.ncsu.csc.itrust.unit.model.immunization.ImmunizationValidatorTest.testValidationBadCodeLength(ImmunizationValidatorTest.java:49)
</errorStackTrace>
          <failedSince>83</failedSince>
        </case>
      </cases>
    </suite>
    <suite>
      <file>/var/lib/jenkins/workspace/iTrust-Fuzzer/iTrust/target/surefire-reports/TEST-edu.ncsu.csc.itrust.unit.model.labProcedure.LabProcedureFormTest.xml</file>
      <name>edu.ncsu.csc.itrust.unit.model.labProcedure.LabProcedureFormTest</name>
      <duration>1.563</duration>
      <time>1.563</time>
      <cases>
        <case>
          <duration>0.127</duration>
          <className>edu.ncsu.csc.itrust.unit.model.labProcedure.LabProcedureFormTest</className>
          <testName>testGetLoincCodesEmpty</testName>
          <skipped>false</skipped>
          <failedSince>0</failedSince>
        </case>
        <case>
          <duration>0.081</duration>
          <className>edu.ncsu.csc.itrust.unit.model.labProcedure.LabProcedureFormTest</className>
          <testName>testSubmitReassignment</testName>
          <skipped>false</skipped>
          <failedSince>0</failedSince>
        </case>
        <case>
          <duration>0.066</duration>
          <className>edu.ncsu.csc.itrust.unit.model.labProcedure.LabProcedureFormTest</className>
          <testName>testLabProcedureFormLabProcedureControllerNullLabProcedure</testName>
          <skipped>false</skipped>
          <failedSince>0</failedSince>
        </case>
        <case>
          <duration>0.067</duration>
          <className>edu.ncsu.csc.itrust.unit.model.labProcedure.LabProcedureFormTest</className>
          <testName>testRemoveLabProcedure</testName>
          <skipped>false</skipped>
          <failedSince>0</failedSince>
        </case>
        <case>
          <duration>0.08</duration>
          <className>edu.ncsu.csc.itrust.unit.model.labProcedure.LabProcedureFormTest</className>
          <testName>testIsCommentable</testName>
          <skipped>false</skipped>
          <failedSince>0</failedSince>
        </case>
        <case>
          <duration>0.162</duration>
          <className>edu.ncsu.csc.itrust.unit.model.labProcedure.LabProcedureFormTest</className>
          <testName>testIsCommentableBadLong</testName>
          <skipped>false</skipped>
          <failedSince>0</failedSince>
        </case>
        <case>
          <duration>0.089</duration>
          <className>edu.ncsu.csc.itrust.unit.model.labProcedure.LabProcedureFormTest</className>
          <testName>testIsReassignableBadLong</testName>
          <skipped>false</skipped>
          <failedSince>0</failedSince>
        </case>
        <case>
          <duration>0.081</duration>
          <className>edu.ncsu.csc.itrust.unit.model.labProcedure.LabProcedureFormTest</className>
          <testName>testAddCommentary</testName>
          <skipped>false</skipped>
          <failedSince>0</failedSince>
        </case>
        <case>
          <duration>0.07</duration>
          <className>edu.ncsu.csc.itrust.unit.model.labProcedure.LabProcedureFormTest</className>
          <testName>testGetLoincCodes</testName>
          <skipped>false</skipped>
          <failedSince>0</failedSince>
        </case>
        <case>
          <duration>0.067</duration>
          <className>edu.ncsu.csc.itrust.unit.model.labProcedure.LabProcedureFormTest</className>
          <testName>testRecordResultsDBException</testName>
          <skipped>false</skipped>
          <failedSince>0</failedSince>
        </case>
        <case>
          <duration>0.071</duration>
          <className>edu.ncsu.csc.itrust.unit.model.labProcedure.LabProcedureFormTest</className>
          <testName>testIsLabProcedureCreated</testName>
          <skipped>false</skipped>
          <failedSince>0</failedSince>
        </case>
        <case>
          <duration>0.076</duration>
          <className>edu.ncsu.csc.itrust.unit.model.labProcedure.LabProcedureFormTest</className>
          <testName>testGetLoincCodesDBException</testName>
          <skipped>false</skipped>
          <failedSince>0</failedSince>
        </case>
        <case>
          <duration>0.075</duration>
          <className>edu.ncsu.csc.itrust.unit.model.labProcedure.LabProcedureFormTest</className>
          <testName>testIsReassignable</testName>
          <skipped>false</skipped>
          <failedSince>0</failedSince>
        </case>
        <case>
          <duration>0.072</duration>
          <className>edu.ncsu.csc.itrust.unit.model.labProcedure.LabProcedureFormTest</className>
          <testName>testIsRemovableBadLong</testName>
          <skipped>false</skipped>
          <failedSince>0</failedSince>
        </case>
        <case>
          <duration>0.084</duration>
          <className>edu.ncsu.csc.itrust.unit.model.labProcedure.LabProcedureFormTest</className>
          <testName>testLabProcedureFormLabProcedureController</testName>
          <skipped>false</skipped>
          <failedSince>0</failedSince>
        </case>
        <case>
          <duration>0.078</duration>
          <className>edu.ncsu.csc.itrust.unit.model.labProcedure.LabProcedureFormTest</className>
          <testName>testGetSelectedLabProcedure</testName>
          <skipped>false</skipped>
          <failedSince>0</failedSince>
        </case>
        <case>
          <duration>0.068</duration>
          <className>edu.ncsu.csc.itrust.unit.model.labProcedure.LabProcedureFormTest</className>
          <testName>testIsRemovable</testName>
          <skipped>false</skipped>
          <failedSince>0</failedSince>
        </case>
        <case>
          <duration>0.066</duration>
          <className>edu.ncsu.csc.itrust.unit.model.labProcedure.LabProcedureFormTest</className>
          <testName>testRecordResults</testName>
          <skipped>false</skipped>
          <failedSince>0</failedSince>
        </case>
        <case>
          <duration>0.065</duration>
          <className>edu.ncsu.csc.itrust.unit.model.labProcedure.LabProcedureFormTest</className>
          <testName>testLabProcedureForm</testName>
          <skipped>false</skipped>
          <failedSince>0</failedSince>
        </case>
      </cases>
    </suite>
    <suite>
      <file>/var/lib/jenkins/workspace/iTrust-Fuzzer/iTrust/target/surefire-reports/TEST-edu.ncsu.csc.itrust.unit.model.labProcedure.LabProcedureMySQLTest.xml</file>
      <name>edu.ncsu.csc.itrust.unit.model.labProcedure.LabProcedureMySQLTest</name>
      <duration>1.423</duration>
      <time>1.423</time>
      <cases>
        <case>
          <duration>0.167</duration>
          <className>edu.ncsu.csc.itrust.unit.model.labProcedure.LabProcedureMySQLTest</className>
          <testName>testUpdateInvalid</testName>
          <skipped>false</skipped>
          <errorStackTrace>java.lang.AssertionError: Should throw exception when updating invalid lab procedure
	at edu.ncsu.csc.itrust.unit.model.labProcedure.LabProcedureMySQLTest.testUpdateInvalid(LabProcedureMySQLTest.java:253)
</errorStackTrace>
          <errorDetails>Should throw exception when updating invalid lab procedure</errorDetails>
          <failedSince>83</failedSince>
        </case>
        <case>
          <duration>0.151</duration>
          <className>edu.ncsu.csc.itrust.unit.model.labProcedure.LabProcedureMySQLTest</className>
          <testName>testRemoveLabProcedure</testName>
          <skipped>false</skipped>
          <failedSince>0</failedSince>
        </case>
        <case>
          <duration>0.136</duration>
          <className>edu.ncsu.csc.itrust.unit.model.labProcedure.LabProcedureMySQLTest</className>
          <testName>testAdd</testName>
          <skipped>false</skipped>
          <errorStackTrace>java.lang.AssertionError: Adding lab procedure should not throw error: A database exception has occurred. Please see the log in the console for stacktrace
	at edu.ncsu.csc.itrust.unit.model.labProcedure.LabProcedureMySQLTest.testAdd(LabProcedureMySQLTest.java:174)
</errorStackTrace>
          <errorDetails>Adding lab procedure should not throw error: A database exception has occurred. Please see the log in the console for stacktrace</errorDetails>
          <failedSince>83</failedSince>
        </case>
        <case>
          <duration>0.291</duration>
          <className>edu.ncsu.csc.itrust.unit.model.labProcedure.LabProcedureMySQLTest</className>
          <testName>testGetLabProceduresByOfficeVisitSQLException</testName>
          <skipped>false</skipped>
          <failedSince>0</failedSince>
        </case>
        <case>
          <duration>0.138</duration>
          <className>edu.ncsu.csc.itrust.unit.model.labProcedure.LabProcedureMySQLTest</className>
          <testName>testGetLabProcedure</testName>
          <skipped>false</skipped>
          <failedSince>0</failedSince>
        </case>
        <case>
          <duration>0.119</duration>
          <className>edu.ncsu.csc.itrust.unit.model.labProcedure.LabProcedureMySQLTest</className>
          <testName>testAddInvalid</testName>
          <skipped>false</skipped>
          <errorStackTrace>java.lang.NullPointerException
	at edu.ncsu.csc.itrust.unit.model.labProcedure.LabProcedureMySQLTest.testAddInvalid(LabProcedureMySQLTest.java:208)
</errorStackTrace>
          <failedSince>83</failedSince>
        </case>
        <case>
          <duration>0.153</duration>
          <className>edu.ncsu.csc.itrust.unit.model.labProcedure.LabProcedureMySQLTest</className>
          <testName>testGetByID</testName>
          <skipped>false</skipped>
          <failedSince>0</failedSince>
        </case>
        <case>
          <duration>0.133</duration>
          <className>edu.ncsu.csc.itrust.unit.model.labProcedure.LabProcedureMySQLTest</className>
          <testName>testGetAll</testName>
          <skipped>false</skipped>
          <failedSince>0</failedSince>
        </case>
        <case>
          <duration>0.126</duration>
          <className>edu.ncsu.csc.itrust.unit.model.labProcedure.LabProcedureMySQLTest</className>
          <testName>testUpdate</testName>
          <skipped>false</skipped>
          <errorStackTrace>java.lang.AssertionError: Shouldn&apos;t throw exception when updating lab procedure: A database exception has occurred. Please see the log in the console for stacktrace
	at edu.ncsu.csc.itrust.unit.model.labProcedure.LabProcedureMySQLTest.testUpdate(LabProcedureMySQLTest.java:229)
</errorStackTrace>
          <errorDetails>Shouldn&apos;t throw exception when updating lab procedure: A database exception has occurred. Please see the log in the console for stacktrace</errorDetails>
          <failedSince>83</failedSince>
        </case>
      </cases>
    </suite>
    <suite>
      <file>/var/lib/jenkins/workspace/iTrust-Fuzzer/iTrust/target/surefire-reports/TEST-edu.ncsu.csc.itrust.unit.model.labProcedure.LabProcedureTest.xml</file>
      <name>edu.ncsu.csc.itrust.unit.model.labProcedure.LabProcedureTest</name>
      <duration>0.016</duration>
      <time>0.016</time>
      <cases>
        <case>
          <duration>0.0</duration>
          <className>edu.ncsu.csc.itrust.unit.model.labProcedure.LabProcedureTest</className>
          <testName>testGetCommentary</testName>
          <skipped>false</skipped>
          <failedSince>0</failedSince>
        </case>
        <case>
          <duration>0.0</duration>
          <className>edu.ncsu.csc.itrust.unit.model.labProcedure.LabProcedureTest</className>
          <testName>testSetLabProcedureCode</testName>
          <skipped>false</skipped>
          <failedSince>0</failedSince>
        </case>
        <case>
          <duration>0.0</duration>
          <className>edu.ncsu.csc.itrust.unit.model.labProcedure.LabProcedureTest</className>
          <testName>testSetStatusLong</testName>
          <skipped>false</skipped>
          <failedSince>0</failedSince>
        </case>
        <case>
          <duration>0.0</duration>
          <className>edu.ncsu.csc.itrust.unit.model.labProcedure.LabProcedureTest</className>
          <testName>testGetConfidenceIntervalLower</testName>
          <skipped>false</skipped>
          <failedSince>0</failedSince>
        </case>
        <case>
          <duration>0.001</duration>
          <className>edu.ncsu.csc.itrust.unit.model.labProcedure.LabProcedureTest</className>
          <testName>testGetConfidenceIntervalUpper</testName>
          <skipped>false</skipped>
          <failedSince>0</failedSince>
        </case>
        <case>
          <duration>0.0</duration>
          <className>edu.ncsu.csc.itrust.unit.model.labProcedure.LabProcedureTest</className>
          <testName>testSetConfidenceIntervalLower</testName>
          <skipped>false</skipped>
          <failedSince>0</failedSince>
        </case>
        <case>
          <duration>0.0</duration>
          <className>edu.ncsu.csc.itrust.unit.model.labProcedure.LabProcedureTest</className>
          <testName>testSetConfidenceIntervalUpper</testName>
          <skipped>false</skipped>
          <failedSince>0</failedSince>
        </case>
        <case>
          <duration>0.0</duration>
          <className>edu.ncsu.csc.itrust.unit.model.labProcedure.LabProcedureTest</className>
          <testName>testSetIsRestricted</testName>
          <skipped>false</skipped>
          <failedSince>0</failedSince>
        </case>
        <case>
          <duration>0.0</duration>
          <className>edu.ncsu.csc.itrust.unit.model.labProcedure.LabProcedureTest</className>
          <testName>testSetCommentary</testName>
          <skipped>false</skipped>
          <failedSince>0</failedSince>
        </case>
        <case>
          <duration>0.001</duration>
          <className>edu.ncsu.csc.itrust.unit.model.labProcedure.LabProcedureTest</className>
          <testName>testSetResults</testName>
          <skipped>false</skipped>
          <failedSince>0</failedSince>
        </case>
        <case>
          <duration>0.0</duration>
          <className>edu.ncsu.csc.itrust.unit.model.labProcedure.LabProcedureTest</className>
          <testName>testSetOfficeVisitID</testName>
          <skipped>false</skipped>
          <failedSince>0</failedSince>
        </case>
        <case>
          <duration>0.0</duration>
          <className>edu.ncsu.csc.itrust.unit.model.labProcedure.LabProcedureTest</className>
          <testName>testGetLabProcedureCode</testName>
          <skipped>false</skipped>
          <failedSince>0</failedSince>
        </case>
        <case>
          <duration>0.0</duration>
          <className>edu.ncsu.csc.itrust.unit.model.labProcedure.LabProcedureTest</className>
          <testName>testSetUpdatedDate</testName>
          <skipped>false</skipped>
          <failedSince>0</failedSince>
        </case>
        <case>
          <duration>0.001</duration>
          <className>edu.ncsu.csc.itrust.unit.model.labProcedure.LabProcedureTest</className>
          <testName>testSetPriority</testName>
          <skipped>false</skipped>
          <failedSince>0</failedSince>
        </case>
        <case>
          <duration>0.001</duration>
          <className>edu.ncsu.csc.itrust.unit.model.labProcedure.LabProcedureTest</className>
          <testName>testSetStatusString</testName>
          <skipped>false</skipped>
          <failedSince>0</failedSince>
        </case>
        <case>
          <duration>0.001</duration>
          <className>edu.ncsu.csc.itrust.unit.model.labProcedure.LabProcedureTest</className>
          <testName>testGetPriority</testName>
          <skipped>false</skipped>
          <failedSince>0</failedSince>
        </case>
        <case>
          <duration>0.0</duration>
          <className>edu.ncsu.csc.itrust.unit.model.labProcedure.LabProcedureTest</className>
          <testName>testSetLabProcedureID</testName>
          <skipped>false</skipped>
          <failedSince>0</failedSince>
        </case>
        <case>
          <duration>0.0</duration>
          <className>edu.ncsu.csc.itrust.unit.model.labProcedure.LabProcedureTest</className>
          <testName>testGetLabTechnicianID</testName>
          <skipped>false</skipped>
          <failedSince>0</failedSince>
        </case>
        <case>
          <duration>0.0</duration>
          <className>edu.ncsu.csc.itrust.unit.model.labProcedure.LabProcedureTest</className>
          <testName>testGetOfficeVisitID</testName>
          <skipped>false</skipped>
          <failedSince>0</failedSince>
        </case>
        <case>
          <duration>0.0</duration>
          <className>edu.ncsu.csc.itrust.unit.model.labProcedure.LabProcedureTest</className>
          <testName>testGetResults</testName>
          <skipped>false</skipped>
          <failedSince>0</failedSince>
        </case>
        <case>
          <duration>0.0</duration>
          <className>edu.ncsu.csc.itrust.unit.model.labProcedure.LabProcedureTest</className>
          <testName>testGetStatus</testName>
          <skipped>false</skipped>
          <failedSince>0</failedSince>
        </case>
        <case>
          <duration>0.0</duration>
          <className>edu.ncsu.csc.itrust.unit.model.labProcedure.LabProcedureTest</className>
          <testName>testGetLabProcedureID</testName>
          <skipped>false</skipped>
          <failedSince>0</failedSince>
        </case>
        <case>
          <duration>0.0</duration>
          <className>edu.ncsu.csc.itrust.unit.model.labProcedure.LabProcedureTest</className>
          <testName>testGetUpdatedDate</testName>
          <skipped>false</skipped>
          <failedSince>0</failedSince>
        </case>
        <case>
          <duration>0.0</duration>
          <className>edu.ncsu.csc.itrust.unit.model.labProcedure.LabProcedureTest</className>
          <testName>testIsRestricted</testName>
          <skipped>false</skipped>
          <failedSince>0</failedSince>
        </case>
        <case>
          <duration>0.0</duration>
          <className>edu.ncsu.csc.itrust.unit.model.labProcedure.LabProcedureTest</className>
          <testName>testSetLabTechnicianID</testName>
          <skipped>false</skipped>
          <failedSince>0</failedSince>
        </case>
      </cases>
    </suite>
    <suite>
      <file>/var/lib/jenkins/workspace/iTrust-Fuzzer/iTrust/target/surefire-reports/TEST-edu.ncsu.csc.itrust.unit.model.labProcedure.LabProcedureValidatorTest.xml</file>
      <name>edu.ncsu.csc.itrust.unit.model.labProcedure.LabProcedureValidatorTest</name>
      <duration>0.005</duration>
      <time>0.005</time>
      <cases>
        <case>
          <duration>0.0</duration>
          <className>edu.ncsu.csc.itrust.unit.model.labProcedure.LabProcedureValidatorTest</className>
          <testName>testInvalidResults</testName>
          <skipped>false</skipped>
          <errorStackTrace>java.lang.AssertionError: Validator should catch invalid field results
	at edu.ncsu.csc.itrust.unit.model.labProcedure.LabProcedureValidatorTest.tryValidateWithInvalidField(LabProcedureValidatorTest.java:203)
	at edu.ncsu.csc.itrust.unit.model.labProcedure.LabProcedureValidatorTest.testInvalidResults(LabProcedureValidatorTest.java:143)
</errorStackTrace>
          <errorDetails>Validator should catch invalid field results</errorDetails>
          <failedSince>83</failedSince>
        </case>
        <case>
          <duration>0.0</duration>
          <className>edu.ncsu.csc.itrust.unit.model.labProcedure.LabProcedureValidatorTest</className>
          <testName>testInvalidLabTechnicianID</testName>
          <skipped>false</skipped>
          <errorStackTrace>java.lang.AssertionError: Validator should catch invalid field lab technician ID
	at edu.ncsu.csc.itrust.unit.model.labProcedure.LabProcedureValidatorTest.tryValidateWithInvalidField(LabProcedureValidatorTest.java:203)
	at edu.ncsu.csc.itrust.unit.model.labProcedure.LabProcedureValidatorTest.testInvalidLabTechnicianID(LabProcedureValidatorTest.java:127)
</errorStackTrace>
          <errorDetails>Validator should catch invalid field lab technician ID</errorDetails>
          <failedSince>83</failedSince>
        </case>
        <case>
          <duration>0.0</duration>
          <className>edu.ncsu.csc.itrust.unit.model.labProcedure.LabProcedureValidatorTest</className>
          <testName>testInvalidHcpMID</testName>
          <skipped>false</skipped>
          <errorStackTrace>java.lang.AssertionError: Validator should catch invalid field HCP MID
	at edu.ncsu.csc.itrust.unit.model.labProcedure.LabProcedureValidatorTest.tryValidateWithInvalidField(LabProcedureValidatorTest.java:203)
	at edu.ncsu.csc.itrust.unit.model.labProcedure.LabProcedureValidatorTest.testInvalidHcpMID(LabProcedureValidatorTest.java:180)
</errorStackTrace>
          <errorDetails>Validator should catch invalid field HCP MID</errorDetails>
          <failedSince>83</failedSince>
        </case>
        <case>
          <duration>0.0</duration>
          <className>edu.ncsu.csc.itrust.unit.model.labProcedure.LabProcedureValidatorTest</className>
          <testName>testInvalidCommentary</testName>
          <skipped>false</skipped>
          <errorStackTrace>java.lang.AssertionError: Validator should catch invalid field commentary
	at edu.ncsu.csc.itrust.unit.model.labProcedure.LabProcedureValidatorTest.tryValidateWithInvalidField(LabProcedureValidatorTest.java:203)
	at edu.ncsu.csc.itrust.unit.model.labProcedure.LabProcedureValidatorTest.testInvalidCommentary(LabProcedureValidatorTest.java:74)
</errorStackTrace>
          <errorDetails>Validator should catch invalid field commentary</errorDetails>
          <failedSince>83</failedSince>
        </case>
        <case>
          <duration>0.0</duration>
          <className>edu.ncsu.csc.itrust.unit.model.labProcedure.LabProcedureValidatorTest</className>
          <testName>testInvalidConfidenceIntervalLower</testName>
          <skipped>false</skipped>
          <errorStackTrace>java.lang.AssertionError: Validator should catch invalid field confidence interval lower
	at edu.ncsu.csc.itrust.unit.model.labProcedure.LabProcedureValidatorTest.tryValidateWithInvalidField(LabProcedureValidatorTest.java:203)
	at edu.ncsu.csc.itrust.unit.model.labProcedure.LabProcedureValidatorTest.testInvalidConfidenceIntervalLower(LabProcedureValidatorTest.java:80)
</errorStackTrace>
          <errorDetails>Validator should catch invalid field confidence interval lower</errorDetails>
          <failedSince>83</failedSince>
        </case>
        <case>
          <duration>0.0</duration>
          <className>edu.ncsu.csc.itrust.unit.model.labProcedure.LabProcedureValidatorTest</className>
          <testName>testInvalidConfidenceIntervalUpper</testName>
          <skipped>false</skipped>
          <errorStackTrace>java.lang.AssertionError: Validator should catch invalid field confidence interval upper
	at edu.ncsu.csc.itrust.unit.model.labProcedure.LabProcedureValidatorTest.tryValidateWithInvalidField(LabProcedureValidatorTest.java:203)
	at edu.ncsu.csc.itrust.unit.model.labProcedure.LabProcedureValidatorTest.testInvalidConfidenceIntervalUpper(LabProcedureValidatorTest.java:88)
</errorStackTrace>
          <errorDetails>Validator should catch invalid field confidence interval upper</errorDetails>
          <failedSince>83</failedSince>
        </case>
        <case>
          <duration>0.0</duration>
          <className>edu.ncsu.csc.itrust.unit.model.labProcedure.LabProcedureValidatorTest</className>
          <testName>testInvalidStatus</testName>
          <skipped>false</skipped>
          <errorStackTrace>java.lang.AssertionError: Validator should catch invalid status
	at edu.ncsu.csc.itrust.unit.model.labProcedure.LabProcedureValidatorTest.testInvalidStatus(LabProcedureValidatorTest.java:165)
</errorStackTrace>
          <errorDetails>Validator should catch invalid status</errorDetails>
          <failedSince>83</failedSince>
        </case>
        <case>
          <duration>0.0</duration>
          <className>edu.ncsu.csc.itrust.unit.model.labProcedure.LabProcedureValidatorTest</className>
          <testName>testInvalidLabProcedureCode</testName>
          <skipped>false</skipped>
          <errorStackTrace>java.lang.AssertionError: Validator should catch invalid field lab procedure code
	at edu.ncsu.csc.itrust.unit.model.labProcedure.LabProcedureValidatorTest.tryValidateWithInvalidField(LabProcedureValidatorTest.java:203)
	at edu.ncsu.csc.itrust.unit.model.labProcedure.LabProcedureValidatorTest.testInvalidLabProcedureCode(LabProcedureValidatorTest.java:96)
</errorStackTrace>
          <errorDetails>Validator should catch invalid field lab procedure code</errorDetails>
          <failedSince>83</failedSince>
        </case>
        <case>
          <duration>0.0</duration>
          <className>edu.ncsu.csc.itrust.unit.model.labProcedure.LabProcedureValidatorTest</className>
          <testName>testValidLabProcedure</testName>
          <skipped>false</skipped>
          <errorStackTrace>java.lang.AssertionError: Valid lab procedure wasn&apos;t validated. Error: This form has not been validated correctly. The following field are not properly filled in: []
	at edu.ncsu.csc.itrust.unit.model.labProcedure.LabProcedureValidatorTest.testValidLabProcedure(LabProcedureValidatorTest.java:67)
</errorStackTrace>
          <errorDetails>Valid lab procedure wasn&apos;t validated. Error: This form has not been validated correctly. The following field are not properly filled in: []</errorDetails>
          <failedSince>83</failedSince>
        </case>
        <case>
          <duration>0.0</duration>
          <className>edu.ncsu.csc.itrust.unit.model.labProcedure.LabProcedureValidatorTest</className>
          <testName>testInvalidUpdatedDate</testName>
          <skipped>false</skipped>
          <errorStackTrace>java.lang.AssertionError: Validator should catch invalid field updated date
	at edu.ncsu.csc.itrust.unit.model.labProcedure.LabProcedureValidatorTest.tryValidateWithInvalidField(LabProcedureValidatorTest.java:203)
	at edu.ncsu.csc.itrust.unit.model.labProcedure.LabProcedureValidatorTest.testInvalidUpdatedDate(LabProcedureValidatorTest.java:174)
</errorStackTrace>
          <errorDetails>Validator should catch invalid field updated date</errorDetails>
          <failedSince>83</failedSince>
        </case>
        <case>
          <duration>0.0</duration>
          <className>edu.ncsu.csc.itrust.unit.model.labProcedure.LabProcedureValidatorTest</className>
          <testName>testInvalidLabProcedureID</testName>
          <skipped>false</skipped>
          <errorStackTrace>java.lang.AssertionError: Validator should catch invalid field lab procedure ID
	at edu.ncsu.csc.itrust.unit.model.labProcedure.LabProcedureValidatorTest.tryValidateWithInvalidField(LabProcedureValidatorTest.java:203)
	at edu.ncsu.csc.itrust.unit.model.labProcedure.LabProcedureValidatorTest.testInvalidLabProcedureID(LabProcedureValidatorTest.java:106)
</errorStackTrace>
          <errorDetails>Validator should catch invalid field lab procedure ID</errorDetails>
          <failedSince>83</failedSince>
        </case>
        <case>
          <duration>0.001</duration>
          <className>edu.ncsu.csc.itrust.unit.model.labProcedure.LabProcedureValidatorTest</className>
          <testName>testInvalidPriority</testName>
          <skipped>false</skipped>
          <errorStackTrace>java.lang.AssertionError: Validator should catch invalid field priority
	at edu.ncsu.csc.itrust.unit.model.labProcedure.LabProcedureValidatorTest.tryValidateWithInvalidField(LabProcedureValidatorTest.java:203)
	at edu.ncsu.csc.itrust.unit.model.labProcedure.LabProcedureValidatorTest.testInvalidPriority(LabProcedureValidatorTest.java:135)
</errorStackTrace>
          <errorDetails>Validator should catch invalid field priority</errorDetails>
          <failedSince>83</failedSince>
        </case>
        <case>
          <duration>0.0</duration>
          <className>edu.ncsu.csc.itrust.unit.model.labProcedure.LabProcedureValidatorTest</className>
          <testName>testInvalidOfficeVisitID</testName>
          <skipped>false</skipped>
          <errorStackTrace>java.lang.AssertionError: Validator should catch invalid field office visit ID
	at edu.ncsu.csc.itrust.unit.model.labProcedure.LabProcedureValidatorTest.tryValidateWithInvalidField(LabProcedureValidatorTest.java:203)
	at edu.ncsu.csc.itrust.unit.model.labProcedure.LabProcedureValidatorTest.testInvalidOfficeVisitID(LabProcedureValidatorTest.java:119)
</errorStackTrace>
          <errorDetails>Validator should catch invalid field office visit ID</errorDetails>
          <failedSince>83</failedSince>
        </case>
      </cases>
    </suite>
    <suite>
      <file>/var/lib/jenkins/workspace/iTrust-Fuzzer/iTrust/target/surefire-reports/TEST-edu.ncsu.csc.itrust.unit.model.loinccode.LOINCCodeMySQLTest.xml</file>
      <name>edu.ncsu.csc.itrust.unit.model.loinccode.LOINCCodeMySQLTest</name>
      <duration>0.851</duration>
      <time>0.851</time>
      <cases>
        <case>
          <duration>0.169</duration>
          <className>edu.ncsu.csc.itrust.unit.model.loinccode.LOINCCodeMySQLTest</className>
          <testName>testAdd</testName>
          <skipped>false</skipped>
          <errorStackTrace>edu.ncsu.csc.itrust.exception.FormValidationException: This form has not been validated correctly. The following field are not properly filled in: []
	at edu.ncsu.csc.itrust.unit.model.loinccode.LOINCCodeMySQLTest.testAdd(LOINCCodeMySQLTest.java:59)
</errorStackTrace>
          <errorDetails>This form has not been validated correctly. The following field are not properly filled in: []</errorDetails>
          <failedSince>83</failedSince>
        </case>
        <case>
          <duration>0.099</duration>
          <className>edu.ncsu.csc.itrust.unit.model.loinccode.LOINCCodeMySQLTest</className>
          <testName>testEdit</testName>
          <skipped>false</skipped>
          <errorStackTrace>edu.ncsu.csc.itrust.exception.FormValidationException: This form has not been validated correctly. The following field are not properly filled in: []
	at edu.ncsu.csc.itrust.unit.model.loinccode.LOINCCodeMySQLTest.testEdit(LOINCCodeMySQLTest.java:70)
</errorStackTrace>
          <errorDetails>This form has not been validated correctly. The following field are not properly filled in: []</errorDetails>
          <failedSince>83</failedSince>
        </case>
        <case>
          <duration>0.247</duration>
          <className>edu.ncsu.csc.itrust.unit.model.loinccode.LOINCCodeMySQLTest</className>
          <testName>testAddInvalid</testName>
          <skipped>false</skipped>
          <failedSince>0</failedSince>
        </case>
        <case>
          <duration>0.082</duration>
          <className>edu.ncsu.csc.itrust.unit.model.loinccode.LOINCCodeMySQLTest</className>
          <testName>testGetByID</testName>
          <skipped>false</skipped>
          <failedSince>0</failedSince>
        </case>
        <case>
          <duration>0.082</duration>
          <className>edu.ncsu.csc.itrust.unit.model.loinccode.LOINCCodeMySQLTest</className>
          <testName>testGetByCode</testName>
          <skipped>false</skipped>
          <failedSince>0</failedSince>
        </case>
        <case>
          <duration>0.084</duration>
          <className>edu.ncsu.csc.itrust.unit.model.loinccode.LOINCCodeMySQLTest</className>
          <testName>testDelete</testName>
          <skipped>false</skipped>
          <errorStackTrace>edu.ncsu.csc.itrust.exception.FormValidationException: This form has not been validated correctly. The following field are not properly filled in: []
	at edu.ncsu.csc.itrust.unit.model.loinccode.LOINCCodeMySQLTest.testDelete(LOINCCodeMySQLTest.java:96)
</errorStackTrace>
          <errorDetails>This form has not been validated correctly. The following field are not properly filled in: []</errorDetails>
          <failedSince>83</failedSince>
        </case>
        <case>
          <duration>0.086</duration>
          <className>edu.ncsu.csc.itrust.unit.model.loinccode.LOINCCodeMySQLTest</className>
          <testName>testGetAll</testName>
          <skipped>false</skipped>
          <failedSince>0</failedSince>
        </case>
      </cases>
    </suite>
    <suite>
      <file>/var/lib/jenkins/workspace/iTrust-Fuzzer/iTrust/target/surefire-reports/TEST-edu.ncsu.csc.itrust.unit.model.loinccode.LOINCCodeTest.xml</file>
      <name>edu.ncsu.csc.itrust.unit.model.loinccode.LOINCCodeTest</name>
      <duration>0.002</duration>
      <time>0.002</time>
      <cases>
        <case>
          <duration>0.0</duration>
          <className>edu.ncsu.csc.itrust.unit.model.loinccode.LOINCCodeTest</className>
          <testName>testGettersAndSetters</testName>
          <skipped>false</skipped>
          <failedSince>0</failedSince>
        </case>
        <case>
          <duration>0.0</duration>
          <className>edu.ncsu.csc.itrust.unit.model.loinccode.LOINCCodeTest</className>
          <testName>testConstructors</testName>
          <skipped>false</skipped>
          <failedSince>0</failedSince>
        </case>
      </cases>
    </suite>
    <suite>
      <file>/var/lib/jenkins/workspace/iTrust-Fuzzer/iTrust/target/surefire-reports/TEST-edu.ncsu.csc.itrust.unit.model.medicalProcedure.MedicalProcedureMySQLTest.xml</file>
      <name>edu.ncsu.csc.itrust.unit.model.medicalProcedure.MedicalProcedureMySQLTest</name>
      <duration>0.08</duration>
      <time>0.08</time>
      <cases>
        <case>
          <duration>0.08</duration>
          <className>edu.ncsu.csc.itrust.unit.model.medicalProcedure.MedicalProcedureMySQLTest</className>
          <testName>testValids</testName>
          <skipped>false</skipped>
          <failedSince>0</failedSince>
        </case>
      </cases>
    </suite>
    <suite>
      <file>/var/lib/jenkins/workspace/iTrust-Fuzzer/iTrust/target/surefire-reports/TEST-edu.ncsu.csc.itrust.unit.model.medicalProcedure.MedicalProcedureTest.xml</file>
      <name>edu.ncsu.csc.itrust.unit.model.medicalProcedure.MedicalProcedureTest</name>
      <duration>0.001</duration>
      <time>0.001</time>
      <cases>
        <case>
          <duration>0.001</duration>
          <className>edu.ncsu.csc.itrust.unit.model.medicalProcedure.MedicalProcedureTest</className>
          <testName>testFields</testName>
          <skipped>false</skipped>
          <failedSince>0</failedSince>
        </case>
      </cases>
    </suite>
    <suite>
      <file>/var/lib/jenkins/workspace/iTrust-Fuzzer/iTrust/target/surefire-reports/TEST-edu.ncsu.csc.itrust.unit.model.ndcode.NDCCodeMySQLTest.xml</file>
      <name>edu.ncsu.csc.itrust.unit.model.ndcode.NDCCodeMySQLTest</name>
      <duration>0.102</duration>
      <time>0.102</time>
      <cases>
        <case>
          <duration>0.084</duration>
          <className>edu.ncsu.csc.itrust.unit.model.ndcode.NDCCodeMySQLTest</className>
          <testName>testNDCodeMySQL</testName>
          <skipped>false</skipped>
          <errorStackTrace>edu.ncsu.csc.itrust.exception.FormValidationException: This form has not been validated correctly. The following field are not properly filled in: []
	at edu.ncsu.csc.itrust.unit.model.ndcode.NDCCodeMySQLTest.testNDCodeMySQL(NDCCodeMySQLTest.java:41)
</errorStackTrace>
          <errorDetails>This form has not been validated correctly. The following field are not properly filled in: []</errorDetails>
          <failedSince>83</failedSince>
        </case>
        <case>
          <duration>0.014</duration>
          <className>edu.ncsu.csc.itrust.unit.model.ndcode.NDCCodeMySQLTest</className>
          <testName>testProdConstructor</testName>
          <skipped>false</skipped>
          <failedSince>0</failedSince>
        </case>
      </cases>
    </suite>
    <suite>
      <file>/var/lib/jenkins/workspace/iTrust-Fuzzer/iTrust/target/surefire-reports/TEST-edu.ncsu.csc.itrust.unit.model.ndcode.NDCCodeTest.xml</file>
      <name>edu.ncsu.csc.itrust.unit.model.ndcode.NDCCodeTest</name>
      <duration>0.002</duration>
      <time>0.002</time>
      <cases>
        <case>
          <duration>0.001</duration>
          <className>edu.ncsu.csc.itrust.unit.model.ndcode.NDCCodeTest</className>
          <testName>testEverything</testName>
          <skipped>false</skipped>
          <failedSince>0</failedSince>
        </case>
      </cases>
    </suite>
    <suite>
      <file>/var/lib/jenkins/workspace/iTrust-Fuzzer/iTrust/target/surefire-reports/TEST-edu.ncsu.csc.itrust.unit.model.officeVisit.OfficeVisitMySQLTest.xml</file>
      <name>edu.ncsu.csc.itrust.unit.model.officeVisit.OfficeVisitMySQLTest</name>
      <duration>0.298</duration>
      <time>0.298</time>
      <cases>
        <case>
          <duration>0.134</duration>
          <className>edu.ncsu.csc.itrust.unit.model.officeVisit.OfficeVisitMySQLTest</className>
          <testName>testGetPatientDOB</testName>
          <skipped>false</skipped>
          <failedSince>0</failedSince>
        </case>
        <case>
          <duration>0.081</duration>
          <className>edu.ncsu.csc.itrust.unit.model.officeVisit.OfficeVisitMySQLTest</className>
          <testName>testGetPatientDOBWithInvalidDataSource</testName>
          <skipped>false</skipped>
          <failedSince>0</failedSince>
        </case>
        <case>
          <duration>0.083</duration>
          <className>edu.ncsu.csc.itrust.unit.model.officeVisit.OfficeVisitMySQLTest</className>
          <testName>testGetVisitsForPatient</testName>
          <skipped>false</skipped>
          <failedSince>0</failedSince>
        </case>
      </cases>
    </suite>
    <suite>
      <file>/var/lib/jenkins/workspace/iTrust-Fuzzer/iTrust/target/surefire-reports/TEST-edu.ncsu.csc.itrust.unit.model.officeVisit.OfficeVisitSQLLoaderTest.xml</file>
      <name>edu.ncsu.csc.itrust.unit.model.officeVisit.OfficeVisitSQLLoaderTest</name>
      <duration>0.118</duration>
      <time>0.118</time>
      <cases>
        <case>
          <duration>0.105</duration>
          <className>edu.ncsu.csc.itrust.unit.model.officeVisit.OfficeVisitSQLLoaderTest</className>
          <testName>testSetIntOrNull</testName>
          <skipped>false</skipped>
          <failedSince>0</failedSince>
        </case>
        <case>
          <duration>0.003</duration>
          <className>edu.ncsu.csc.itrust.unit.model.officeVisit.OfficeVisitSQLLoaderTest</className>
          <testName>testSetFloatOrNull</testName>
          <skipped>false</skipped>
          <failedSince>0</failedSince>
        </case>
        <case>
          <duration>0.004</duration>
          <className>edu.ncsu.csc.itrust.unit.model.officeVisit.OfficeVisitSQLLoaderTest</className>
          <testName>testGetFloatOrNull</testName>
          <skipped>false</skipped>
          <failedSince>0</failedSince>
        </case>
        <case>
          <duration>0.005</duration>
          <className>edu.ncsu.csc.itrust.unit.model.officeVisit.OfficeVisitSQLLoaderTest</className>
          <testName>testGetIntOrNull</testName>
          <skipped>false</skipped>
          <failedSince>0</failedSince>
        </case>
      </cases>
    </suite>
    <suite>
      <file>/var/lib/jenkins/workspace/iTrust-Fuzzer/iTrust/target/surefire-reports/TEST-edu.ncsu.csc.itrust.unit.model.officeVisit.OfficeVisitTest.xml</file>
      <name>edu.ncsu.csc.itrust.unit.model.officeVisit.OfficeVisitTest</name>
      <duration>0.163</duration>
      <time>0.163</time>
      <cases>
        <case>
          <duration>0.005</duration>
          <className>edu.ncsu.csc.itrust.unit.model.officeVisit.OfficeVisitTest</className>
          <testName>testPatientSmokingStatus</testName>
          <skipped>false</skipped>
          <failedSince>0</failedSince>
        </case>
        <case>
          <duration>0.009</duration>
          <className>edu.ncsu.csc.itrust.unit.model.officeVisit.OfficeVisitTest</className>
          <testName>testHeadCircumference</testName>
          <skipped>false</skipped>
          <failedSince>0</failedSince>
        </case>
        <case>
          <duration>0.009</duration>
          <className>edu.ncsu.csc.itrust.unit.model.officeVisit.OfficeVisitTest</className>
          <testName>testHDL</testName>
          <skipped>false</skipped>
          <failedSince>0</failedSince>
        </case>
        <case>
          <duration>0.004</duration>
          <className>edu.ncsu.csc.itrust.unit.model.officeVisit.OfficeVisitTest</className>
          <testName>testLDL</testName>
          <skipped>false</skipped>
          <failedSince>0</failedSince>
        </case>
        <case>
          <duration>0.004</duration>
          <className>edu.ncsu.csc.itrust.unit.model.officeVisit.OfficeVisitTest</className>
          <testName>testNotes</testName>
          <skipped>false</skipped>
          <failedSince>0</failedSince>
        </case>
        <case>
          <duration>0.006</duration>
          <className>edu.ncsu.csc.itrust.unit.model.officeVisit.OfficeVisitTest</className>
          <testName>testPatient</testName>
          <skipped>false</skipped>
          <failedSince>0</failedSince>
        </case>
        <case>
          <duration>0.007</duration>
          <className>edu.ncsu.csc.itrust.unit.model.officeVisit.OfficeVisitTest</className>
          <testName>testBill</testName>
          <skipped>false</skipped>
          <failedSince>0</failedSince>
        </case>
        <case>
          <duration>0.005</duration>
          <className>edu.ncsu.csc.itrust.unit.model.officeVisit.OfficeVisitTest</className>
          <testName>testDate</testName>
          <skipped>false</skipped>
          <failedSince>0</failedSince>
        </case>
        <case>
          <duration>0.006</duration>
          <className>edu.ncsu.csc.itrust.unit.model.officeVisit.OfficeVisitTest</className>
          <testName>testID</testName>
          <skipped>false</skipped>
          <failedSince>0</failedSince>
        </case>
        <case>
          <duration>0.017</duration>
          <className>edu.ncsu.csc.itrust.unit.model.officeVisit.OfficeVisitTest</className>
          <testName>testHouseholdSmokingStatusDescription</testName>
          <skipped>false</skipped>
          <failedSince>0</failedSince>
        </case>
        <case>
          <duration>0.007</duration>
          <className>edu.ncsu.csc.itrust.unit.model.officeVisit.OfficeVisitTest</className>
          <testName>testHouseholdSmokingStatusDescriptionInvalidID</testName>
          <skipped>false</skipped>
          <failedSince>0</failedSince>
        </case>
        <case>
          <duration>0.007</duration>
          <className>edu.ncsu.csc.itrust.unit.model.officeVisit.OfficeVisitTest</className>
          <testName>testPatientSmokingStatusDescription</testName>
          <skipped>false</skipped>
          <failedSince>0</failedSince>
        </case>
        <case>
          <duration>0.01</duration>
          <className>edu.ncsu.csc.itrust.unit.model.officeVisit.OfficeVisitTest</className>
          <testName>testBloodPressure</testName>
          <skipped>false</skipped>
          <failedSince>0</failedSince>
        </case>
        <case>
          <duration>0.014</duration>
          <className>edu.ncsu.csc.itrust.unit.model.officeVisit.OfficeVisitTest</className>
          <testName>testLocationID</testName>
          <skipped>false</skipped>
          <failedSince>0</failedSince>
        </case>
        <case>
          <duration>0.005</duration>
          <className>edu.ncsu.csc.itrust.unit.model.officeVisit.OfficeVisitTest</className>
          <testName>testHouseholdSmokingStatus</testName>
          <skipped>false</skipped>
          <failedSince>0</failedSince>
        </case>
        <case>
          <duration>0.017</duration>
          <className>edu.ncsu.csc.itrust.unit.model.officeVisit.OfficeVisitTest</className>
          <testName>testApptTypeID</testName>
          <skipped>false</skipped>
          <failedSince>0</failedSince>
        </case>
        <case>
          <duration>0.005</duration>
          <className>edu.ncsu.csc.itrust.unit.model.officeVisit.OfficeVisitTest</className>
          <testName>testHeight</testName>
          <skipped>false</skipped>
          <failedSince>0</failedSince>
        </case>
        <case>
          <duration>0.005</duration>
          <className>edu.ncsu.csc.itrust.unit.model.officeVisit.OfficeVisitTest</className>
          <testName>testLength</testName>
          <skipped>false</skipped>
          <failedSince>0</failedSince>
        </case>
        <case>
          <duration>0.003</duration>
          <className>edu.ncsu.csc.itrust.unit.model.officeVisit.OfficeVisitTest</className>
          <testName>testTriglyceride</testName>
          <skipped>false</skipped>
          <failedSince>0</failedSince>
        </case>
        <case>
          <duration>0.004</duration>
          <className>edu.ncsu.csc.itrust.unit.model.officeVisit.OfficeVisitTest</className>
          <testName>testWeight</testName>
          <skipped>false</skipped>
          <failedSince>0</failedSince>
        </case>
        <case>
          <duration>0.004</duration>
          <className>edu.ncsu.csc.itrust.unit.model.officeVisit.OfficeVisitTest</className>
          <testName>testPatientSmokingStatusDescriptionInvalidID</testName>
          <skipped>false</skipped>
          <failedSince>0</failedSince>
        </case>
      </cases>
    </suite>
    <suite>
      <file>/var/lib/jenkins/workspace/iTrust-Fuzzer/iTrust/target/surefire-reports/TEST-edu.ncsu.csc.itrust.unit.model.officeVisit.OfficeVisitValidatorTest.xml</file>
      <name>edu.ncsu.csc.itrust.unit.model.officeVisit.OfficeVisitValidatorTest</name>
      <duration>1.458</duration>
      <time>1.458</time>
      <cases>
        <case>
          <duration>0.087</duration>
          <className>edu.ncsu.csc.itrust.unit.model.officeVisit.OfficeVisitValidatorTest</className>
          <testName>testValidChild</testName>
          <skipped>false</skipped>
          <errorStackTrace>java.lang.AssertionError: Should be no error!
	at edu.ncsu.csc.itrust.unit.model.officeVisit.OfficeVisitValidatorTest.testValidChild(OfficeVisitValidatorTest.java:491)
</errorStackTrace>
          <errorDetails>Should be no error!</errorDetails>
          <failedSince>83</failedSince>
        </case>
        <case>
          <duration>0.076</duration>
          <className>edu.ncsu.csc.itrust.unit.model.officeVisit.OfficeVisitValidatorTest</className>
          <testName>testInvalidHeadCircumference</testName>
          <skipped>false</skipped>
          <errorStackTrace>java.lang.AssertionError: No error thrown
	at edu.ncsu.csc.itrust.unit.model.officeVisit.OfficeVisitValidatorTest.testInvalidHeadCircumference(OfficeVisitValidatorTest.java:550)
</errorStackTrace>
          <errorDetails>No error thrown</errorDetails>
          <failedSince>83</failedSince>
        </case>
        <case>
          <duration>0.118</duration>
          <className>edu.ncsu.csc.itrust.unit.model.officeVisit.OfficeVisitValidatorTest</className>
          <testName>testInvalidTriglyceride</testName>
          <skipped>false</skipped>
          <errorStackTrace>java.lang.AssertionError: No error thrown
	at edu.ncsu.csc.itrust.unit.model.officeVisit.OfficeVisitValidatorTest.testInvalidTriglyceride(OfficeVisitValidatorTest.java:418)
</errorStackTrace>
          <errorDetails>No error thrown</errorDetails>
          <failedSince>83</failedSince>
        </case>
        <case>
          <duration>0.092</duration>
          <className>edu.ncsu.csc.itrust.unit.model.officeVisit.OfficeVisitValidatorTest</className>
          <testName>testValidOfficeVisit</testName>
          <skipped>false</skipped>
          <errorStackTrace>java.lang.AssertionError: Should be no error!
	at edu.ncsu.csc.itrust.unit.model.officeVisit.OfficeVisitValidatorTest.testValidOfficeVisit(OfficeVisitValidatorTest.java:68)
</errorStackTrace>
          <errorDetails>Should be no error!</errorDetails>
          <failedSince>83</failedSince>
        </case>
        <case>
          <duration>0.08</duration>
          <className>edu.ncsu.csc.itrust.unit.model.officeVisit.OfficeVisitValidatorTest</className>
          <testName>testInvalidApptID</testName>
          <skipped>false</skipped>
          <errorStackTrace>java.lang.AssertionError: No error thrown
	at edu.ncsu.csc.itrust.unit.model.officeVisit.OfficeVisitValidatorTest.testInvalidApptID(OfficeVisitValidatorTest.java:113)
</errorStackTrace>
          <errorDetails>No error thrown</errorDetails>
          <failedSince>83</failedSince>
        </case>
        <case>
          <duration>0.077</duration>
          <className>edu.ncsu.csc.itrust.unit.model.officeVisit.OfficeVisitValidatorTest</className>
          <testName>testSetNullMID</testName>
          <skipped>false</skipped>
          <failedSince>0</failedSince>
        </case>
        <case>
          <duration>0.096</duration>
          <className>edu.ncsu.csc.itrust.unit.model.officeVisit.OfficeVisitValidatorTest</className>
          <testName>testInvalidHeight</testName>
          <skipped>false</skipped>
          <errorStackTrace>java.lang.AssertionError: No error thrown
	at edu.ncsu.csc.itrust.unit.model.officeVisit.OfficeVisitValidatorTest.testInvalidHeight(OfficeVisitValidatorTest.java:243)
</errorStackTrace>
          <errorDetails>No error thrown</errorDetails>
          <failedSince>83</failedSince>
        </case>
        <case>
          <duration>0.087</duration>
          <className>edu.ncsu.csc.itrust.unit.model.officeVisit.OfficeVisitValidatorTest</className>
          <testName>testInvalidLength</testName>
          <skipped>false</skipped>
          <errorStackTrace>java.lang.AssertionError: No error thrown
	at edu.ncsu.csc.itrust.unit.model.officeVisit.OfficeVisitValidatorTest.testInvalidLength(OfficeVisitValidatorTest.java:519)
</errorStackTrace>
          <errorDetails>No error thrown</errorDetails>
          <failedSince>83</failedSince>
        </case>
        <case>
          <duration>0.089</duration>
          <className>edu.ncsu.csc.itrust.unit.model.officeVisit.OfficeVisitValidatorTest</className>
          <testName>testInvalidWeight</testName>
          <skipped>false</skipped>
          <errorStackTrace>java.lang.AssertionError: No error thrown
	at edu.ncsu.csc.itrust.unit.model.officeVisit.OfficeVisitValidatorTest.testInvalidWeight(OfficeVisitValidatorTest.java:208)
</errorStackTrace>
          <errorDetails>No error thrown</errorDetails>
          <failedSince>83</failedSince>
        </case>
        <case>
          <duration>0.077</duration>
          <className>edu.ncsu.csc.itrust.unit.model.officeVisit.OfficeVisitValidatorTest</className>
          <testName>testInvalidBloodPressure</testName>
          <skipped>false</skipped>
          <errorStackTrace>java.lang.AssertionError: No error thrown
	at edu.ncsu.csc.itrust.unit.model.officeVisit.OfficeVisitValidatorTest.testInvalidBloodPressure(OfficeVisitValidatorTest.java:348)
</errorStackTrace>
          <errorDetails>No error thrown</errorDetails>
          <failedSince>83</failedSince>
        </case>
        <case>
          <duration>0.141</duration>
          <className>edu.ncsu.csc.itrust.unit.model.officeVisit.OfficeVisitValidatorTest</className>
          <testName>testSetInvalidHospital</testName>
          <skipped>false</skipped>
          <errorStackTrace>java.lang.AssertionError: No error thrown
	at edu.ncsu.csc.itrust.unit.model.officeVisit.OfficeVisitValidatorTest.testSetInvalidHospital(OfficeVisitValidatorTest.java:142)
</errorStackTrace>
          <errorDetails>No error thrown</errorDetails>
          <failedSince>83</failedSince>
        </case>
        <case>
          <duration>0.091</duration>
          <className>edu.ncsu.csc.itrust.unit.model.officeVisit.OfficeVisitValidatorTest</className>
          <testName>testInvalidHDL</testName>
          <skipped>false</skipped>
          <errorStackTrace>java.lang.AssertionError: No error thrown
	at edu.ncsu.csc.itrust.unit.model.officeVisit.OfficeVisitValidatorTest.testInvalidHDL(OfficeVisitValidatorTest.java:383)
</errorStackTrace>
          <errorDetails>No error thrown</errorDetails>
          <failedSince>83</failedSince>
        </case>
        <case>
          <duration>0.074</duration>
          <className>edu.ncsu.csc.itrust.unit.model.officeVisit.OfficeVisitValidatorTest</className>
          <testName>testInvalidHSS</testName>
          <skipped>false</skipped>
          <errorStackTrace>java.lang.AssertionError: No error thrown
	at edu.ncsu.csc.itrust.unit.model.officeVisit.OfficeVisitValidatorTest.testInvalidHSS(OfficeVisitValidatorTest.java:278)
</errorStackTrace>
          <errorDetails>No error thrown</errorDetails>
          <failedSince>83</failedSince>
        </case>
        <case>
          <duration>0.098</duration>
          <className>edu.ncsu.csc.itrust.unit.model.officeVisit.OfficeVisitValidatorTest</className>
          <testName>testInvalidLDL</testName>
          <skipped>false</skipped>
          <errorStackTrace>java.lang.AssertionError: No error thrown
	at edu.ncsu.csc.itrust.unit.model.officeVisit.OfficeVisitValidatorTest.testInvalidLDL(OfficeVisitValidatorTest.java:453)
</errorStackTrace>
          <errorDetails>No error thrown</errorDetails>
          <failedSince>83</failedSince>
        </case>
        <case>
          <duration>0.073</duration>
          <className>edu.ncsu.csc.itrust.unit.model.officeVisit.OfficeVisitValidatorTest</className>
          <testName>testInvalidMID</testName>
          <skipped>false</skipped>
          <failedSince>0</failedSince>
        </case>
        <case>
          <duration>0.098</duration>
          <className>edu.ncsu.csc.itrust.unit.model.officeVisit.OfficeVisitValidatorTest</className>
          <testName>testInvalidPSS</testName>
          <skipped>false</skipped>
          <errorStackTrace>java.lang.AssertionError: No error thrown
	at edu.ncsu.csc.itrust.unit.model.officeVisit.OfficeVisitValidatorTest.testInvalidPSS(OfficeVisitValidatorTest.java:313)
</errorStackTrace>
          <errorDetails>No error thrown</errorDetails>
          <failedSince>83</failedSince>
        </case>
      </cases>
    </suite>
    <suite>
      <file>/var/lib/jenkins/workspace/iTrust-Fuzzer/iTrust/target/surefire-reports/TEST-edu.ncsu.csc.itrust.unit.model.patient.PatientDataTest.xml</file>
      <name>edu.ncsu.csc.itrust.unit.model.patient.PatientDataTest</name>
      <duration>0.053</duration>
      <time>0.053</time>
      <cases>
        <case>
          <duration>0.026</duration>
          <className>edu.ncsu.csc.itrust.unit.model.patient.PatientDataTest</className>
          <testName>testGetPatient1</testName>
          <skipped>false</skipped>
          <failedSince>0</failedSince>
        </case>
        <case>
          <duration>0.026</duration>
          <className>edu.ncsu.csc.itrust.unit.model.patient.PatientDataTest</className>
          <testName>testGetHCPInstead</testName>
          <skipped>false</skipped>
          <failedSince>0</failedSince>
        </case>
      </cases>
    </suite>
    <suite>
      <file>/var/lib/jenkins/workspace/iTrust-Fuzzer/iTrust/target/surefire-reports/TEST-edu.ncsu.csc.itrust.unit.model.prescription.PrescriptionMySQLTest.xml</file>
      <name>edu.ncsu.csc.itrust.unit.model.prescription.PrescriptionMySQLTest</name>
      <duration>0.867</duration>
      <time>0.867</time>
      <cases>
        <case>
          <duration>0.103</duration>
          <className>edu.ncsu.csc.itrust.unit.model.prescription.PrescriptionMySQLTest</className>
          <testName>testGetPrescriptionsForOfficeVisit</testName>
          <skipped>false</skipped>
          <failedSince>0</failedSince>
        </case>
        <case>
          <duration>0.113</duration>
          <className>edu.ncsu.csc.itrust.unit.model.prescription.PrescriptionMySQLTest</className>
          <testName>testAddUpdateAndDelete</testName>
          <skipped>false</skipped>
          <errorStackTrace>java.sql.SQLException: This form has not been validated correctly. The following field are not properly filled in: []
	at edu.ncsu.csc.itrust.unit.model.prescription.PrescriptionMySQLTest.testAddUpdateAndDelete(PrescriptionMySQLTest.java:163)
</errorStackTrace>
          <errorDetails>This form has not been validated correctly. The following field are not properly filled in: []</errorDetails>
          <failedSince>83</failedSince>
        </case>
        <case>
          <duration>0.144</duration>
          <className>edu.ncsu.csc.itrust.unit.model.prescription.PrescriptionMySQLTest</className>
          <testName>testMockGetPrescriptionsForPatientEndingAfter</testName>
          <skipped>false</skipped>
          <failedSince>0</failedSince>
        </case>
        <case>
          <duration>0.075</duration>
          <className>edu.ncsu.csc.itrust.unit.model.prescription.PrescriptionMySQLTest</className>
          <testName>testNoDataSource</testName>
          <skipped>false</skipped>
          <failedSince>0</failedSince>
        </case>
        <case>
          <duration>0.085</duration>
          <className>edu.ncsu.csc.itrust.unit.model.prescription.PrescriptionMySQLTest</className>
          <testName>testGetPrescriptionByID</testName>
          <skipped>false</skipped>
          <failedSince>0</failedSince>
        </case>
        <case>
          <duration>0.084</duration>
          <className>edu.ncsu.csc.itrust.unit.model.prescription.PrescriptionMySQLTest</className>
          <testName>testGetCodeName</testName>
          <skipped>false</skipped>
          <failedSince>0</failedSince>
        </case>
        <case>
          <duration>0.076</duration>
          <className>edu.ncsu.csc.itrust.unit.model.prescription.PrescriptionMySQLTest</className>
          <testName>testMockDataSource</testName>
          <skipped>false</skipped>
          <failedSince>0</failedSince>
        </case>
        <case>
          <duration>0.083</duration>
          <className>edu.ncsu.csc.itrust.unit.model.prescription.PrescriptionMySQLTest</className>
          <testName>testGetPrescriptionsForMID</testName>
          <skipped>false</skipped>
          <failedSince>0</failedSince>
        </case>
        <case>
          <duration>0.098</duration>
          <className>edu.ncsu.csc.itrust.unit.model.prescription.PrescriptionMySQLTest</className>
          <testName>testGetPrescriptionsForPatientEndingAfter</testName>
          <skipped>false</skipped>
          <failedSince>0</failedSince>
        </case>
      </cases>
    </suite>
    <suite>
      <file>/var/lib/jenkins/workspace/iTrust-Fuzzer/iTrust/target/surefire-reports/TEST-edu.ncsu.csc.itrust.unit.model.prescription.PrescriptionTest.xml</file>
      <name>edu.ncsu.csc.itrust.unit.model.prescription.PrescriptionTest</name>
      <duration>0.0</duration>
      <time>0</time>
      <cases>
        <case>
          <duration>0.0</duration>
          <className>edu.ncsu.csc.itrust.unit.model.prescription.PrescriptionTest</className>
          <testName>testEverything</testName>
          <skipped>false</skipped>
          <failedSince>0</failedSince>
        </case>
      </cases>
    </suite>
    <suite>
      <file>/var/lib/jenkins/workspace/iTrust-Fuzzer/iTrust/target/surefire-reports/TEST-edu.ncsu.csc.itrust.unit.model.user.UserDataTest.xml</file>
      <name>edu.ncsu.csc.itrust.unit.model.user.UserDataTest</name>
      <duration>0.057</duration>
      <time>0.057</time>
      <cases>
        <case>
          <duration>0.037</duration>
          <className>edu.ncsu.csc.itrust.unit.model.user.UserDataTest</className>
          <testName>testGetPatientUser</testName>
          <skipped>false</skipped>
          <failedSince>0</failedSince>
        </case>
        <case>
          <duration>0.019</duration>
          <className>edu.ncsu.csc.itrust.unit.model.user.UserDataTest</className>
          <testName>testGetHCPUser</testName>
          <skipped>false</skipped>
          <failedSince>0</failedSince>
        </case>
      </cases>
    </suite>
    <suite>
      <file>/var/lib/jenkins/workspace/iTrust-Fuzzer/iTrust/target/surefire-reports/TEST-edu.ncsu.csc.itrust.unit.model.user.UserTest.xml</file>
      <name>edu.ncsu.csc.itrust.unit.model.user.UserTest</name>
      <duration>0.019</duration>
      <time>0.019</time>
      <cases>
        <case>
          <duration>0.018</duration>
          <className>edu.ncsu.csc.itrust.unit.model.user.UserTest</className>
          <testName>testMID</testName>
          <skipped>false</skipped>
          <failedSince>0</failedSince>
        </case>
        <case>
          <duration>0.0</duration>
          <className>edu.ncsu.csc.itrust.unit.model.user.UserTest</className>
          <testName>testRole</testName>
          <skipped>false</skipped>
          <failedSince>0</failedSince>
        </case>
        <case>
          <duration>0.0</duration>
          <className>edu.ncsu.csc.itrust.unit.model.user.UserTest</className>
          <testName>testLastName</testName>
          <skipped>false</skipped>
          <failedSince>0</failedSince>
        </case>
        <case>
          <duration>0.0</duration>
          <className>edu.ncsu.csc.itrust.unit.model.user.UserTest</className>
          <testName>testSmallMID</testName>
          <skipped>false</skipped>
          <failedSince>0</failedSince>
        </case>
        <case>
          <duration>0.0</duration>
          <className>edu.ncsu.csc.itrust.unit.model.user.UserTest</className>
          <testName>testFirstName</testName>
          <skipped>false</skipped>
          <failedSince>0</failedSince>
        </case>
        <case>
          <duration>0.0</duration>
          <className>edu.ncsu.csc.itrust.unit.model.user.UserTest</className>
          <testName>testBigMID</testName>
          <skipped>false</skipped>
          <failedSince>0</failedSince>
        </case>
      </cases>
    </suite>
  </suites>
  <duration>21.526005</duration>
  <keepLongStdio>false</keepLongStdio>
</result>